<?xml version="1.0" encoding="UTF-8"?>
<!-- Generated by org.testng.reporters.JUnitReportReporter -->
<testsuite hostname="Keshav" failures="0" tests="2" name="seleniumproject.Test.submitorderTest" time="33.788" errors="0" timestamp="2024-09-05T15:32:02 IST" skipped="0">
  <testcase classname="seleniumproject.Test.submitorderTest" name="submitOrder" time="28.352"/>
  <testcase classname="seleniumproject.Test.submitorderTest" name="orderHistoryTest" time="5.436"/>
</testsuite> <!-- seleniumproject.Test.submitorderTest -->
